# JRE version: Java(TM) SE Runtime Environment (8.0_421) (build 1.8.0_421-b09)
# Java VM: Java HotSpot(TM) 64-Bit Server VM (25.421-b09 mixed mode windows-amd64 compressed oops)
Heap:
 PSYoungGen      total 281088K, used 206451K [0x000000076ab00000, 0x0000000784680000, 0x00000007c0000000)
  eden space 253952K, 74% used [0x000000076ab00000,0x00000007763f3440,0x000000077a300000)
  from space 27136K, 62% used [0x000000077a300000,0x000000077b3a99c0,0x000000077bd80000)
  to   space 19456K, 0% used [0x0000000783380000,0x0000000783380000,0x0000000784680000)
 ParOldGen       total 363008K, used 16094K [0x00000006c0000000, 0x00000006d6280000, 0x000000076ab00000)
  object space 363008K, 4% used [0x00000006c0000000,0x00000006c0fb7ac0,0x00000006d6280000)
 Metaspace       used 54628K, capacity 58012K, committed 58112K, reserved 1099776K
  class space    used 7786K, capacity 8365K, committed 8448K, reserved 1048576K
GC Heap History (10 events):
Event: 1.892 GC heap before
{Heap before GC invocations=3 (full 1):
 PSYoungGen      total 190464K, used 13269K [0x000000076ab00000, 0x0000000781f00000, 0x00000007c0000000)
  eden space 163328K, 0% used [0x000000076ab00000,0x000000076ab00000,0x0000000774a80000)
  from space 27136K, 48% used [0x0000000776500000,0x00000007771f5600,0x0000000777f80000)
  to   space 27136K, 0% used [0x0000000774a80000,0x0000000774a80000,0x0000000776500000)
 ParOldGen       total 435712K, used 24K [0x00000006c0000000, 0x00000006da980000, 0x000000076ab00000)
  object space 435712K, 0% used [0x00000006c0000000,0x00000006c0006000,0x00000006da980000)
 Metaspace       used 20476K, capacity 21132K, committed 21296K, reserved 1067008K
  class space    used 3004K, capacity 3172K, committed 3200K, reserved 1048576K
Event: 1.913 GC heap after
Heap after GC invocations=3 (full 1):
 PSYoungGen      total 190464K, used 0K [0x000000076ab00000, 0x0000000781f00000, 0x00000007c0000000)
  eden space 163328K, 0% used [0x000000076ab00000,0x000000076ab00000,0x0000000774a80000)
  from space 27136K, 0% used [0x0000000776500000,0x0000000776500000,0x0000000777f80000)
  to   space 27136K, 0% used [0x0000000774a80000,0x0000000774a80000,0x0000000776500000)
 ParOldGen       total 252928K, used 12718K [0x00000006c0000000, 0x00000006cf700000, 0x000000076ab00000)
  object space 252928K, 5% used [0x00000006c0000000,0x00000006c0c6b890,0x00000006cf700000)
 Metaspace       used 20476K, capacity 21132K, committed 21296K, reserved 1067008K
  class space    used 3004K, capacity 3172K, committed 3200K, reserved 1048576K
}
Event: 2.726 GC heap before
{Heap before GC invocations=4 (full 1):
 PSYoungGen      total 190464K, used 163328K [0x000000076ab00000, 0x0000000781f00000, 0x00000007c0000000)
  eden space 163328K, 100% used [0x000000076ab00000,0x0000000774a80000,0x0000000774a80000)
  from space 27136K, 0% used [0x0000000776500000,0x0000000776500000,0x0000000777f80000)
  to   space 27136K, 0% used [0x0000000774a80000,0x0000000774a80000,0x0000000776500000)
 ParOldGen       total 252928K, used 12718K [0x00000006c0000000, 0x00000006cf700000, 0x000000076ab00000)
  object space 252928K, 5% used [0x00000006c0000000,0x00000006c0c6b890,0x00000006cf700000)
 Metaspace       used 33253K, capacity 34780K, committed 35072K, reserved 1079296K
  class space    used 4725K, capacity 5055K, committed 5120K, reserved 1048576K
Event: 2.740 GC heap after
Heap after GC invocations=4 (full 1):
 PSYoungGen      total 190464K, used 15499K [0x000000076ab00000, 0x000000077d800000, 0x00000007c0000000)
  eden space 163328K, 0% used [0x000000076ab00000,0x000000076ab00000,0x0000000774a80000)
  from space 27136K, 57% used [0x0000000774a80000,0x00000007759a2e40,0x0000000776500000)
  to   space 27136K, 0% used [0x000000077bd80000,0x000000077bd80000,0x000000077d800000)
 ParOldGen       total 252928K, used 12726K [0x00000006c0000000, 0x00000006cf700000, 0x000000076ab00000)
  object space 252928K, 5% used [0x00000006c0000000,0x00000006c0c6d890,0x00000006cf700000)
 Metaspace       used 33253K, capacity 34780K, committed 35072K, reserved 1079296K
  class space    used 4725K, capacity 5055K, committed 5120K, reserved 1048576K
}
Event: 2.818 GC heap before
{Heap before GC invocations=5 (full 1):
 PSYoungGen      total 190464K, used 35486K [0x000000076ab00000, 0x000000077d800000, 0x00000007c0000000)
  eden space 163328K, 12% used [0x000000076ab00000,0x000000076be84a98,0x0000000774a80000)
  from space 27136K, 57% used [0x0000000774a80000,0x00000007759a2e40,0x0000000776500000)
  to   space 27136K, 0% used [0x000000077bd80000,0x000000077bd80000,0x000000077d800000)
 ParOldGen       total 252928K, used 12726K [0x00000006c0000000, 0x00000006cf700000, 0x000000076ab00000)
  object space 252928K, 5% used [0x00000006c0000000,0x00000006c0c6d890,0x00000006cf700000)
 Metaspace       used 33835K, capacity 35342K, committed 35456K, reserved 1079296K
  class space    used 4817K, capacity 5192K, committed 5248K, reserved 1048576K
Event: 2.824 GC heap after
Heap after GC invocations=5 (full 1):
 PSYoungGen      total 281088K, used 8604K [0x000000076ab00000, 0x000000077f300000, 0x00000007c0000000)
  eden space 253952K, 0% used [0x000000076ab00000,0x000000076ab00000,0x000000077a300000)
  from space 27136K, 31% used [0x000000077bd80000,0x000000077c5e72e8,0x000000077d800000)
  to   space 27136K, 0% used [0x000000077a300000,0x000000077a300000,0x000000077bd80000)
 ParOldGen       total 252928K, used 12734K [0x00000006c0000000, 0x00000006cf700000, 0x000000076ab00000)
  object space 252928K, 5% used [0x00000006c0000000,0x00000006c0c6f890,0x00000006cf700000)
 Metaspace       used 33835K, capacity 35342K, committed 35456K, reserved 1079296K
  class space    used 4817K, capacity 5192K, committed 5248K, reserved 1048576K
}
Event: 2.824 GC heap before
{Heap before GC invocations=6 (full 2):
 PSYoungGen      total 281088K, used 8604K [0x000000076ab00000, 0x000000077f300000, 0x00000007c0000000)
  eden space 253952K, 0% used [0x000000076ab00000,0x000000076ab00000,0x000000077a300000)
  from space 27136K, 31% used [0x000000077bd80000,0x000000077c5e72e8,0x000000077d800000)
  to   space 27136K, 0% used [0x000000077a300000,0x000000077a300000,0x000000077bd80000)
 ParOldGen       total 252928K, used 12734K [0x00000006c0000000, 0x00000006cf700000, 0x000000076ab00000)
  object space 252928K, 5% used [0x00000006c0000000,0x00000006c0c6f890,0x00000006cf700000)
 Metaspace       used 33835K, capacity 35342K, committed 35456K, reserved 1079296K
  class space    used 4817K, capacity 5192K, committed 5248K, reserved 1048576K
Event: 2.855 GC heap after
Heap after GC invocations=6 (full 2):
 PSYoungGen      total 281088K, used 0K [0x000000076ab00000, 0x000000077f300000, 0x00000007c0000000)
  eden space 253952K, 0% used [0x000000076ab00000,0x000000076ab00000,0x000000077a300000)
  from space 27136K, 0% used [0x000000077bd80000,0x000000077bd80000,0x000000077d800000)
  to   space 27136K, 0% used [0x000000077a300000,0x000000077a300000,0x000000077bd80000)
 ParOldGen       total 363008K, used 16086K [0x00000006c0000000, 0x00000006d6280000, 0x000000076ab00000)
  object space 363008K, 4% used [0x00000006c0000000,0x00000006c0fb5ac0,0x00000006d6280000)
 Metaspace       used 33835K, capacity 35342K, committed 35456K, reserved 1079296K
  class space    used 4817K, capacity 5192K, committed 5248K, reserved 1048576K
}
Event: 4.412 GC heap before
{Heap before GC invocations=7 (full 2):
 PSYoungGen      total 281088K, used 253952K [0x000000076ab00000, 0x000000077f300000, 0x00000007c0000000)
  eden space 253952K, 100% used [0x000000076ab00000,0x000000077a300000,0x000000077a300000)
  from space 27136K, 0% used [0x000000077bd80000,0x000000077bd80000,0x000000077d800000)
  to   space 27136K, 0% used [0x000000077a300000,0x000000077a300000,0x000000077bd80000)
 ParOldGen       total 363008K, used 16086K [0x00000006c0000000, 0x00000006d6280000, 0x000000076ab00000)
  object space 363008K, 4% used [0x00000006c0000000,0x00000006c0fb5ac0,0x00000006d6280000)
 Metaspace       used 49082K, capacity 51586K, committed 51840K, reserved 1093632K
  class space    used 6964K, capacity 7474K, committed 7552K, reserved 1048576K
Event: 4.423 GC heap after
Heap after GC invocations=7 (full 2):
 PSYoungGen      total 281088K, used 17062K [0x000000076ab00000, 0x0000000784680000, 0x00000007c0000000)
  eden space 253952K, 0% used [0x000000076ab00000,0x000000076ab00000,0x000000077a300000)
  from space 27136K, 62% used [0x000000077a300000,0x000000077b3a99c0,0x000000077bd80000)
  to   space 19456K, 0% used [0x0000000783380000,0x0000000783380000,0x0000000784680000)
 ParOldGen       total 363008K, used 16094K [0x00000006c0000000, 0x00000006d6280000, 0x000000076ab00000)
  object space 363008K, 4% used [0x00000006c0000000,0x00000006c0fb7ac0,0x00000006d6280000)
 Metaspace       used 49082K, capacity 51586K, committed 51840K, reserved 1093632K
  class space    used 6964K, capacity 7474K, committed 7552K, reserved 1048576K
}

