# JRE version: Java(TM) SE Runtime Environment (8.0_421) (build 1.8.0_421-b09)
# Java VM: Java HotSpot(TM) 64-Bit Server VM (25.421-b09 mixed mode windows-amd64 compressed oops)
Heap:
 PSYoungGen      total 274944K, used 35552K [0x000000076ab00000, 0x000000077e180000, 0x00000007c0000000)
  eden space 247808K, 7% used [0x000000076ab00000,0x000000076bd50630,0x0000000779d00000)
  from space 27136K, 61% used [0x0000000779d00000,0x000000077ad67b40,0x000000077b780000)
  to   space 27136K, 0% used [0x000000077b780000,0x000000077b780000,0x000000077d200000)
 ParOldGen       total 388096K, used 16085K [0x00000006c0000000, 0x00000006d7b00000, 0x000000076ab00000)
  object space 388096K, 4% used [0x00000006c0000000,0x00000006c0fb54b8,0x00000006d7b00000)
 Metaspace       used 49651K, capacity 52336K, committed 52480K, reserved 1093632K
  class space    used 7059K, capacity 7594K, committed 7680K, reserved 1048576K
GC Heap History (10 events):
Event: 2.279 GC heap before
{Heap before GC invocations=3 (full 1):
 PSYoungGen      total 190464K, used 13249K [0x000000076ab00000, 0x0000000777f80000, 0x00000007c0000000)
  eden space 163328K, 0% used [0x000000076ab00000,0x000000076ab00000,0x0000000774a80000)
  from space 27136K, 48% used [0x0000000776500000,0x00000007771f0428,0x0000000777f80000)
  to   space 27136K, 0% used [0x0000000774a80000,0x0000000774a80000,0x0000000776500000)
 ParOldGen       total 435712K, used 24K [0x00000006c0000000, 0x00000006da980000, 0x000000076ab00000)
  object space 435712K, 0% used [0x00000006c0000000,0x00000006c0006000,0x00000006da980000)
 Metaspace       used 20492K, capacity 21132K, committed 21296K, reserved 1067008K
  class space    used 3005K, capacity 3172K, committed 3200K, reserved 1048576K
Event: 2.300 GC heap after
Heap after GC invocations=3 (full 1):
 PSYoungGen      total 190464K, used 0K [0x000000076ab00000, 0x0000000777f80000, 0x00000007c0000000)
  eden space 163328K, 0% used [0x000000076ab00000,0x000000076ab00000,0x0000000774a80000)
  from space 27136K, 0% used [0x0000000776500000,0x0000000776500000,0x0000000777f80000)
  to   space 27136K, 0% used [0x0000000774a80000,0x0000000774a80000,0x0000000776500000)
 ParOldGen       total 253440K, used 12722K [0x00000006c0000000, 0x00000006cf780000, 0x000000076ab00000)
  object space 253440K, 5% used [0x00000006c0000000,0x00000006c0c6c868,0x00000006cf780000)
 Metaspace       used 20492K, capacity 21132K, committed 21296K, reserved 1067008K
  class space    used 3005K, capacity 3172K, committed 3200K, reserved 1048576K
}
Event: 3.287 GC heap before
{Heap before GC invocations=4 (full 1):
 PSYoungGen      total 190464K, used 163328K [0x000000076ab00000, 0x0000000777f80000, 0x00000007c0000000)
  eden space 163328K, 100% used [0x000000076ab00000,0x0000000774a80000,0x0000000774a80000)
  from space 27136K, 0% used [0x0000000776500000,0x0000000776500000,0x0000000777f80000)
  to   space 27136K, 0% used [0x0000000774a80000,0x0000000774a80000,0x0000000776500000)
 ParOldGen       total 253440K, used 12722K [0x00000006c0000000, 0x00000006cf780000, 0x000000076ab00000)
  object space 253440K, 5% used [0x00000006c0000000,0x00000006c0c6c868,0x00000006cf780000)
 Metaspace       used 33252K, capacity 34742K, committed 35072K, reserved 1079296K
  class space    used 4718K, capacity 5022K, committed 5120K, reserved 1048576K
Event: 3.296 GC heap after
Heap after GC invocations=4 (full 1):
 PSYoungGen      total 190464K, used 15598K [0x000000076ab00000, 0x000000077d200000, 0x00000007c0000000)
  eden space 163328K, 0% used [0x000000076ab00000,0x000000076ab00000,0x0000000774a80000)
  from space 27136K, 57% used [0x0000000774a80000,0x00000007759bbb90,0x0000000776500000)
  to   space 27136K, 0% used [0x000000077b780000,0x000000077b780000,0x000000077d200000)
 ParOldGen       total 253440K, used 12730K [0x00000006c0000000, 0x00000006cf780000, 0x000000076ab00000)
  object space 253440K, 5% used [0x00000006c0000000,0x00000006c0c6e868,0x00000006cf780000)
 Metaspace       used 33252K, capacity 34742K, committed 35072K, reserved 1079296K
  class space    used 4718K, capacity 5022K, committed 5120K, reserved 1048576K
}
Event: 3.450 GC heap before
{Heap before GC invocations=5 (full 1):
 PSYoungGen      total 190464K, used 36086K [0x000000076ab00000, 0x000000077d200000, 0x00000007c0000000)
  eden space 163328K, 12% used [0x000000076ab00000,0x000000076bf01ff0,0x0000000774a80000)
  from space 27136K, 57% used [0x0000000774a80000,0x00000007759bbb90,0x0000000776500000)
  to   space 27136K, 0% used [0x000000077b780000,0x000000077b780000,0x000000077d200000)
 ParOldGen       total 253440K, used 12730K [0x00000006c0000000, 0x00000006cf780000, 0x000000076ab00000)
  object space 253440K, 5% used [0x00000006c0000000,0x00000006c0c6e868,0x00000006cf780000)
 Metaspace       used 33840K, capacity 35310K, committed 35456K, reserved 1079296K
  class space    used 4809K, capacity 5160K, committed 5248K, reserved 1048576K
Event: 3.454 GC heap after
Heap after GC invocations=5 (full 1):
 PSYoungGen      total 274944K, used 8604K [0x000000076ab00000, 0x000000077e180000, 0x00000007c0000000)
  eden space 247808K, 0% used [0x000000076ab00000,0x000000076ab00000,0x0000000779d00000)
  from space 27136K, 31% used [0x000000077b780000,0x000000077bfe72e8,0x000000077d200000)
  to   space 27136K, 0% used [0x0000000779d00000,0x0000000779d00000,0x000000077b780000)
 ParOldGen       total 253440K, used 12738K [0x00000006c0000000, 0x00000006cf780000, 0x000000076ab00000)
  object space 253440K, 5% used [0x00000006c0000000,0x00000006c0c70868,0x00000006cf780000)
 Metaspace       used 33840K, capacity 35310K, committed 35456K, reserved 1079296K
  class space    used 4809K, capacity 5160K, committed 5248K, reserved 1048576K
}
Event: 3.454 GC heap before
{Heap before GC invocations=6 (full 2):
 PSYoungGen      total 274944K, used 8604K [0x000000076ab00000, 0x000000077e180000, 0x00000007c0000000)
  eden space 247808K, 0% used [0x000000076ab00000,0x000000076ab00000,0x0000000779d00000)
  from space 27136K, 31% used [0x000000077b780000,0x000000077bfe72e8,0x000000077d200000)
  to   space 27136K, 0% used [0x0000000779d00000,0x0000000779d00000,0x000000077b780000)
 ParOldGen       total 253440K, used 12738K [0x00000006c0000000, 0x00000006cf780000, 0x000000076ab00000)
  object space 253440K, 5% used [0x00000006c0000000,0x00000006c0c70868,0x00000006cf780000)
 Metaspace       used 33840K, capacity 35310K, committed 35456K, reserved 1079296K
  class space    used 4809K, capacity 5160K, committed 5248K, reserved 1048576K
Event: 3.483 GC heap after
Heap after GC invocations=6 (full 2):
 PSYoungGen      total 274944K, used 0K [0x000000076ab00000, 0x000000077e180000, 0x00000007c0000000)
  eden space 247808K, 0% used [0x000000076ab00000,0x000000076ab00000,0x0000000779d00000)
  from space 27136K, 0% used [0x000000077b780000,0x000000077b780000,0x000000077d200000)
  to   space 27136K, 0% used [0x0000000779d00000,0x0000000779d00000,0x000000077b780000)
 ParOldGen       total 388096K, used 16077K [0x00000006c0000000, 0x00000006d7b00000, 0x000000076ab00000)
  object space 388096K, 4% used [0x00000006c0000000,0x00000006c0fb34b8,0x00000006d7b00000)
 Metaspace       used 33840K, capacity 35310K, committed 35456K, reserved 1079296K
  class space    used 4809K, capacity 5160K, committed 5248K, reserved 1048576K
}
Event: 5.784 GC heap before
{Heap before GC invocations=7 (full 2):
 PSYoungGen      total 274944K, used 247808K [0x000000076ab00000, 0x000000077e180000, 0x00000007c0000000)
  eden space 247808K, 100% used [0x000000076ab00000,0x0000000779d00000,0x0000000779d00000)
  from space 27136K, 0% used [0x000000077b780000,0x000000077b780000,0x000000077d200000)
  to   space 27136K, 0% used [0x0000000779d00000,0x0000000779d00000,0x000000077b780000)
 ParOldGen       total 388096K, used 16077K [0x00000006c0000000, 0x00000006d7b00000, 0x000000076ab00000)
  object space 388096K, 4% used [0x00000006c0000000,0x00000006c0fb34b8,0x00000006d7b00000)
 Metaspace       used 48861K, capacity 51474K, committed 51712K, reserved 1093632K
  class space    used 6923K, capacity 7419K, committed 7424K, reserved 1048576K
Event: 5.795 GC heap after
Heap after GC invocations=7 (full 2):
 PSYoungGen      total 274944K, used 16798K [0x000000076ab00000, 0x000000077e180000, 0x00000007c0000000)
  eden space 247808K, 0% used [0x000000076ab00000,0x000000076ab00000,0x0000000779d00000)
  from space 27136K, 61% used [0x0000000779d00000,0x000000077ad67b40,0x000000077b780000)
  to   space 27136K, 0% used [0x000000077b780000,0x000000077b780000,0x000000077d200000)
 ParOldGen       total 388096K, used 16085K [0x00000006c0000000, 0x00000006d7b00000, 0x000000076ab00000)
  object space 388096K, 4% used [0x00000006c0000000,0x00000006c0fb54b8,0x00000006d7b00000)
 Metaspace       used 48861K, capacity 51474K, committed 51712K, reserved 1093632K
  class space    used 6923K, capacity 7419K, committed 7424K, reserved 1048576K
}

