# JRE version: Java(TM) SE Runtime Environment (8.0_421) (build 1.8.0_421-b09)
# Java VM: Java HotSpot(TM) 64-Bit Server VM (25.421-b09 mixed mode windows-amd64 compressed oops)
Heap:
 PSYoungGen      total 190464K, used 25851K [0x000000076ab00000, 0x000000077c780000, 0x00000007c0000000)
  eden space 163328K, 6% used [0x000000076ab00000,0x000000076b502470,0x0000000774a80000)
  from space 27136K, 57% used [0x0000000774a80000,0x00000007759bc980,0x0000000776500000)
  to   space 27136K, 0% used [0x000000077ad00000,0x000000077ad00000,0x000000077c780000)
 ParOldGen       total 261632K, used 12729K [0x00000006c0000000, 0x00000006cff80000, 0x000000076ab00000)
  object space 261632K, 4% used [0x00000006c0000000,0x00000006c0c6e648,0x00000006cff80000)
 Metaspace       used 33438K, capacity 34976K, committed 35072K, reserved 1079296K
  class space    used 4754K, capacity 5093K, committed 5120K, reserved 1048576K
GC Heap History (8 events):
Event: 1.535 GC heap before
{Heap before GC invocations=1 (full 0):
 PSYoungGen      total 190464K, used 163328K [0x000000076ab00000, 0x0000000777f80000, 0x00000007c0000000)
  eden space 163328K, 100% used [0x000000076ab00000,0x0000000774a80000,0x0000000774a80000)
  from space 27136K, 0% used [0x0000000776500000,0x0000000776500000,0x0000000777f80000)
  to   space 27136K, 0% used [0x0000000774a80000,0x0000000774a80000,0x0000000776500000)
 ParOldGen       total 435712K, used 0K [0x00000006c0000000, 0x00000006da980000, 0x000000076ab00000)
  object space 435712K, 0% used [0x00000006c0000000,0x00000006c0000000,0x00000006da980000)
 Metaspace       used 14779K, capacity 15216K, committed 15360K, reserved 1062912K
  class space    used 2090K, capacity 2222K, committed 2304K, reserved 1048576K
Event: 1.547 GC heap after
Heap after GC invocations=1 (full 0):
 PSYoungGen      total 190464K, used 13954K [0x000000076ab00000, 0x0000000777f80000, 0x00000007c0000000)
  eden space 163328K, 0% used [0x000000076ab00000,0x000000076ab00000,0x0000000774a80000)
  from space 27136K, 51% used [0x0000000774a80000,0x0000000775820ac0,0x0000000776500000)
  to   space 27136K, 0% used [0x0000000776500000,0x0000000776500000,0x0000000777f80000)
 ParOldGen       total 435712K, used 16K [0x00000006c0000000, 0x00000006da980000, 0x000000076ab00000)
  object space 435712K, 0% used [0x00000006c0000000,0x00000006c0004000,0x00000006da980000)
 Metaspace       used 14779K, capacity 15216K, committed 15360K, reserved 1062912K
  class space    used 2090K, capacity 2222K, committed 2304K, reserved 1048576K
}
Event: 2.095 GC heap before
{Heap before GC invocations=2 (full 0):
 PSYoungGen      total 190464K, used 105162K [0x000000076ab00000, 0x0000000777f80000, 0x00000007c0000000)
  eden space 163328K, 55% used [0x000000076ab00000,0x0000000770411f58,0x0000000774a80000)
  from space 27136K, 51% used [0x0000000774a80000,0x0000000775820ac0,0x0000000776500000)
  to   space 27136K, 0% used [0x0000000776500000,0x0000000776500000,0x0000000777f80000)
 ParOldGen       total 435712K, used 16K [0x00000006c0000000, 0x00000006da980000, 0x000000076ab00000)
  object space 435712K, 0% used [0x00000006c0000000,0x00000006c0004000,0x00000006da980000)
 Metaspace       used 20482K, capacity 21132K, committed 21296K, reserved 1067008K
  class space    used 3006K, capacity 3172K, committed 3200K, reserved 1048576K
Event: 2.103 GC heap after
Heap after GC invocations=2 (full 0):
 PSYoungGen      total 190464K, used 13289K [0x000000076ab00000, 0x0000000777f80000, 0x00000007c0000000)
  eden space 163328K, 0% used [0x000000076ab00000,0x000000076ab00000,0x0000000774a80000)
  from space 27136K, 48% used [0x0000000776500000,0x00000007771fa580,0x0000000777f80000)
  to   space 27136K, 0% used [0x0000000774a80000,0x0000000774a80000,0x0000000776500000)
 ParOldGen       total 435712K, used 24K [0x00000006c0000000, 0x00000006da980000, 0x000000076ab00000)
  object space 435712K, 0% used [0x00000006c0000000,0x00000006c0006000,0x00000006da980000)
 Metaspace       used 20482K, capacity 21132K, committed 21296K, reserved 1067008K
  class space    used 3006K, capacity 3172K, committed 3200K, reserved 1048576K
}
Event: 2.103 GC heap before
{Heap before GC invocations=3 (full 1):
 PSYoungGen      total 190464K, used 13289K [0x000000076ab00000, 0x0000000777f80000, 0x00000007c0000000)
  eden space 163328K, 0% used [0x000000076ab00000,0x000000076ab00000,0x0000000774a80000)
  from space 27136K, 48% used [0x0000000776500000,0x00000007771fa580,0x0000000777f80000)
  to   space 27136K, 0% used [0x0000000774a80000,0x0000000774a80000,0x0000000776500000)
 ParOldGen       total 435712K, used 24K [0x00000006c0000000, 0x00000006da980000, 0x000000076ab00000)
  object space 435712K, 0% used [0x00000006c0000000,0x00000006c0006000,0x00000006da980000)
 Metaspace       used 20482K, capacity 21132K, committed 21296K, reserved 1067008K
  class space    used 3006K, capacity 3172K, committed 3200K, reserved 1048576K
Event: 2.129 GC heap after
Heap after GC invocations=3 (full 1):
 PSYoungGen      total 190464K, used 0K [0x000000076ab00000, 0x0000000777f80000, 0x00000007c0000000)
  eden space 163328K, 0% used [0x000000076ab00000,0x000000076ab00000,0x0000000774a80000)
  from space 27136K, 0% used [0x0000000776500000,0x0000000776500000,0x0000000777f80000)
  to   space 27136K, 0% used [0x0000000774a80000,0x0000000774a80000,0x0000000776500000)
 ParOldGen       total 261632K, used 12721K [0x00000006c0000000, 0x00000006cff80000, 0x000000076ab00000)
  object space 261632K, 4% used [0x00000006c0000000,0x00000006c0c6c648,0x00000006cff80000)
 Metaspace       used 20482K, capacity 21132K, committed 21296K, reserved 1067008K
  class space    used 3006K, capacity 3172K, committed 3200K, reserved 1048576K
}
Event: 3.264 GC heap before
{Heap before GC invocations=4 (full 1):
 PSYoungGen      total 190464K, used 163328K [0x000000076ab00000, 0x0000000777f80000, 0x00000007c0000000)
  eden space 163328K, 100% used [0x000000076ab00000,0x0000000774a80000,0x0000000774a80000)
  from space 27136K, 0% used [0x0000000776500000,0x0000000776500000,0x0000000777f80000)
  to   space 27136K, 0% used [0x0000000774a80000,0x0000000774a80000,0x0000000776500000)
 ParOldGen       total 261632K, used 12721K [0x00000006c0000000, 0x00000006cff80000, 0x000000076ab00000)
  object space 261632K, 4% used [0x00000006c0000000,0x00000006c0c6c648,0x00000006cff80000)
 Metaspace       used 33237K, capacity 34748K, committed 35072K, reserved 1079296K
  class space    used 4722K, capacity 5023K, committed 5120K, reserved 1048576K
Event: 3.273 GC heap after
Heap after GC invocations=4 (full 1):
 PSYoungGen      total 190464K, used 15602K [0x000000076ab00000, 0x000000077c780000, 0x00000007c0000000)
  eden space 163328K, 0% used [0x000000076ab00000,0x000000076ab00000,0x0000000774a80000)
  from space 27136K, 57% used [0x0000000774a80000,0x00000007759bc980,0x0000000776500000)
  to   space 27136K, 0% used [0x000000077ad00000,0x000000077ad00000,0x000000077c780000)
 ParOldGen       total 261632K, used 12729K [0x00000006c0000000, 0x00000006cff80000, 0x000000076ab00000)
  object space 261632K, 4% used [0x00000006c0000000,0x00000006c0c6e648,0x00000006cff80000)
 Metaspace       used 33237K, capacity 34748K, committed 35072K, reserved 1079296K
  class space    used 4722K, capacity 5023K, committed 5120K, reserved 1048576K
}

